2016-12-20 17:24:52 main [running]-[DEBUG] 启动 ： 
第1天:
2,2,2,2,2,2,3,4,5,5,6,6,6,5,5,5,5,9,11,10,11,10,8,4
第2天:
2,2,2,2,2,2,4,5,6,6,7,7,7,6,6,6,6,11,13,12,13,12,10,5
第3天:
2,2,2,2,2,2,5,6,7,7,8,8,8,7,7,7,7,13,16,14,16,14,12,6
第4天:
2,2,2,2,2,2,6,7,8,8,10,10,10,8,8,8,8,16,19,17,19,17,14,7
第5天:
2,2,2,2,2,2,7,8,10,10,12,12,12,10,10,10,10,19,23,20,23,20,17,8
第6天:
2,2,2,2,2,2,8,10,12,12,14,14,14,12,12,12,12,23,28,24,28,24,20,10
第7天:
2,2,2,2,2,2,10,12,14,14,17,17,17,14,14,14,14,28,34,29,34,29,24,12
第8天:
2,2,2,2,2,2,12,14,17,17,20,20,20,17,17,17,17,34,41,35,41,35,29,14
第9天:
2,2,2,2,2,2,14,17,20,20,24,24,24,20,20,20,20,41,49,42,49,42,35,17
第10天:
2,2,2,2,2,2,17,20,24,24,29,29,29,24,24,24,24,49,59,50,59,50,42,20
第11天:
2,2,2,2,2,2,20,24,29,29,35,35,35,29,29,29,29,59,71,60,71,60,50,24
第12天:
2,2,2,2,2,2,24,29,35,35,42,42,42,35,35,35,35,71,85,72,85,72,60,29
第13天:
2,2,2,2,2,2,29,35,42,42,50,50,50,42,42,42,42,85,102,86,102,86,72,35
第14天:
2,2,2,2,2,2,35,42,50,50,60,60,60,50,50,50,50,102,122,103,122,103,86,42

2016-12-20 17:27:17 main [running]-[DEBUG] 启动 ： 
第1天:
2,2,2,2,2,2,3,4,5,5,6,6,6,5,5,5,5,9,11,10,11,10,8,4
第2天:
2,2,2,2,2,2,4,5,6,6,7,7,7,6,6,6,6,11,13,12,13,12,10,5
第3天:
2,2,2,2,2,2,5,6,7,7,8,8,8,7,7,7,7,13,16,14,16,14,12,6
第4天:
2,2,2,2,2,2,6,7,8,8,10,10,10,8,8,8,8,16,19,17,19,17,14,7
第5天:
2,2,2,2,2,2,7,8,10,10,12,12,12,10,10,10,10,19,23,20,23,20,17,8
第6天:
2,2,2,2,2,2,8,10,12,12,14,14,14,12,12,12,12,23,28,24,28,24,20,10
第7天:
2,2,2,2,2,2,10,12,14,14,17,17,17,14,14,14,14,28,34,29,34,29,24,12
第8天:
2,2,2,2,2,2,12,14,17,17,20,20,20,17,17,17,17,34,41,35,41,35,29,14
第9天:
2,2,2,2,2,2,14,17,20,20,24,24,24,20,20,20,20,41,49,42,49,42,35,17
第10天:
2,2,2,2,2,2,17,20,24,24,29,29,29,24,24,24,24,49,59,50,59,50,42,20
第11天:
2,2,2,2,2,2,20,24,29,29,35,35,35,29,29,29,29,59,71,60,71,60,50,24
第12天:
2,2,2,2,2,2,24,29,35,35,42,42,42,35,35,35,35,71,85,72,85,72,60,29
第13天:
2,2,2,2,2,2,29,35,42,42,50,50,50,42,42,42,42,85,102,86,102,86,72,35
第14天:
2,2,2,2,2,2,35,42,50,50,60,60,60,50,50,50,50,102,122,103,122,103,86,42

2016-12-20 17:27:22 Timer-0 [running]-[DEBUG] 运行 数量：： 9
2016-12-20 17:27:22 Timer-0 [running]-[DEBUG] 查询到数量 ：： 9
2016-12-20 17:27:22 Timer-0 [running]-[DEBUG] 任务提交结束。。。
2016-12-20 17:27:22 pool-1-thread-1 [running]-[DEBUG] 任务开始    ：：：：：：：
2016-12-20 17:28:41 main [running]-[DEBUG] 启动 ： 
第1天:
2,2,2,2,2,2,3,4,5,5,6,6,6,5,5,5,5,9,11,10,11,10,8,4
第2天:
2,2,2,2,2,2,4,5,6,6,7,7,7,6,6,6,6,11,13,12,13,12,10,5
第3天:
2,2,2,2,2,2,5,6,7,7,8,8,8,7,7,7,7,13,16,14,16,14,12,6
第4天:
2,2,2,2,2,2,6,7,8,8,10,10,10,8,8,8,8,16,19,17,19,17,14,7
第5天:
2,2,2,2,2,2,7,8,10,10,12,12,12,10,10,10,10,19,23,20,23,20,17,8
第6天:
2,2,2,2,2,2,8,10,12,12,14,14,14,12,12,12,12,23,28,24,28,24,20,10
第7天:
2,2,2,2,2,2,10,12,14,14,17,17,17,14,14,14,14,28,34,29,34,29,24,12
第8天:
2,2,2,2,2,2,12,14,17,17,20,20,20,17,17,17,17,34,41,35,41,35,29,14
第9天:
2,2,2,2,2,2,14,17,20,20,24,24,24,20,20,20,20,41,49,42,49,42,35,17
第10天:
2,2,2,2,2,2,17,20,24,24,29,29,29,24,24,24,24,49,59,50,59,50,42,20
第11天:
2,2,2,2,2,2,20,24,29,29,35,35,35,29,29,29,29,59,71,60,71,60,50,24
第12天:
2,2,2,2,2,2,24,29,35,35,42,42,42,35,35,35,35,71,85,72,85,72,60,29
第13天:
2,2,2,2,2,2,29,35,42,42,50,50,50,42,42,42,42,85,102,86,102,86,72,35
第14天:
2,2,2,2,2,2,35,42,50,50,60,60,60,50,50,50,50,102,122,103,122,103,86,42

2016-12-20 17:28:46 Timer-0 [running]-[DEBUG] 运行 数量：： 9
2016-12-20 17:28:47 Timer-0 [running]-[DEBUG] 查询到数量 ：： 9
2016-12-20 17:28:47 Timer-0 [running]-[DEBUG] 任务提交结束。。。
2016-12-20 17:28:47 pool-1-thread-1 [running]-[DEBUG] 任务开始    ：：：：：：：
2016-12-20 17:28:53 pool-1-thread-1 [running]-[DEBUG] 任务结束    ：：：：：：：
2016-12-20 17:29:16 Timer-0 [running]-[DEBUG] 运行 数量：： 9
2016-12-20 17:29:17 Timer-0 [running]-[DEBUG] 查询到数量 ：： 9
2016-12-20 17:29:17 Timer-0 [running]-[DEBUG] 任务提交结束。。。
2016-12-20 17:29:17 pool-1-thread-1 [running]-[DEBUG] 任务开始    ：：：：：：：
2016-12-20 17:29:23 pool-1-thread-1 [running]-[DEBUG] 任务结束    ：：：：：：：
2016-12-20 18:06:58 main [running]-[DEBUG] 启动 ： 
第1天:
2,2,2,2,2,2,3,4,5,5,6,6,6,5,5,5,5,9,11,10,11,10,8,4
第2天:
2,2,2,2,2,2,4,5,6,6,7,7,7,6,6,6,6,11,13,12,13,12,10,5
第3天:
2,2,2,2,2,2,5,6,7,7,8,8,8,7,7,7,7,13,16,14,16,14,12,6
第4天:
2,2,2,2,2,2,6,7,8,8,10,10,10,8,8,8,8,16,19,17,19,17,14,7
第5天:
2,2,2,2,2,2,7,8,10,10,12,12,12,10,10,10,10,19,23,20,23,20,17,8
第6天:
2,2,2,2,2,2,8,10,12,12,14,14,14,12,12,12,12,23,28,24,28,24,20,10
第7天:
2,2,2,2,2,2,10,12,14,14,17,17,17,14,14,14,14,28,34,29,34,29,24,12
第8天:
2,2,2,2,2,2,12,14,17,17,20,20,20,17,17,17,17,34,41,35,41,35,29,14
第9天:
2,2,2,2,2,2,14,17,20,20,24,24,24,20,20,20,20,41,49,42,49,42,35,17
第10天:
2,2,2,2,2,2,17,20,24,24,29,29,29,24,24,24,24,49,59,50,59,50,42,20
第11天:
2,2,2,2,2,2,20,24,29,29,35,35,35,29,29,29,29,59,71,60,71,60,50,24
第12天:
2,2,2,2,2,2,24,29,35,35,42,42,42,35,35,35,35,71,85,72,85,72,60,29
第13天:
2,2,2,2,2,2,29,35,42,42,50,50,50,42,42,42,42,85,102,86,102,86,72,35
第14天:
2,2,2,2,2,2,35,42,50,50,60,60,60,50,50,50,50,102,122,103,122,103,86,42

2016-12-20 18:07:03 Timer-0 [running]-[DEBUG] 运行 数量：： 11
2016-12-20 18:07:04 Timer-0 [running]-[DEBUG] 查询到数量 ：： 11
2016-12-20 18:07:04 Timer-0 [running]-[DEBUG] 任务提交结束。。。
2016-12-20 18:07:04 pool-1-thread-1 [running]-[DEBUG] 任务开始    ：：：：：：：
2016-12-20 18:07:55 main [running]-[DEBUG] 启动 ： 
第1天:
2,2,2,2,2,2,3,4,5,5,6,6,6,5,5,5,5,9,11,10,11,10,8,4
第2天:
2,2,2,2,2,2,4,5,6,6,7,7,7,6,6,6,6,11,13,12,13,12,10,5
第3天:
2,2,2,2,2,2,5,6,7,7,8,8,8,7,7,7,7,13,16,14,16,14,12,6
第4天:
2,2,2,2,2,2,6,7,8,8,10,10,10,8,8,8,8,16,19,17,19,17,14,7
第5天:
2,2,2,2,2,2,7,8,10,10,12,12,12,10,10,10,10,19,23,20,23,20,17,8
第6天:
2,2,2,2,2,2,8,10,12,12,14,14,14,12,12,12,12,23,28,24,28,24,20,10
第7天:
2,2,2,2,2,2,10,12,14,14,17,17,17,14,14,14,14,28,34,29,34,29,24,12
第8天:
2,2,2,2,2,2,12,14,17,17,20,20,20,17,17,17,17,34,41,35,41,35,29,14
第9天:
2,2,2,2,2,2,14,17,20,20,24,24,24,20,20,20,20,41,49,42,49,42,35,17
第10天:
2,2,2,2,2,2,17,20,24,24,29,29,29,24,24,24,24,49,59,50,59,50,42,20
第11天:
2,2,2,2,2,2,20,24,29,29,35,35,35,29,29,29,29,59,71,60,71,60,50,24
第12天:
2,2,2,2,2,2,24,29,35,35,42,42,42,35,35,35,35,71,85,72,85,72,60,29
第13天:
2,2,2,2,2,2,29,35,42,42,50,50,50,42,42,42,42,85,102,86,102,86,72,35
第14天:
2,2,2,2,2,2,35,42,50,50,60,60,60,50,50,50,50,102,122,103,122,103,86,42

2016-12-20 18:08:00 Timer-0 [running]-[DEBUG] 运行 数量：： 11
2016-12-20 18:08:00 Timer-0 [running]-[DEBUG] 查询到数量 ：： 11
2016-12-20 18:08:00 Timer-0 [running]-[DEBUG] 任务提交结束。。。
2016-12-20 18:08:00 pool-1-thread-1 [running]-[DEBUG] 任务开始    ：：：：：：：
2016-12-20 18:08:19 pool-1-thread-1 [running]-[DEBUG] 任务结束    ：：：：：：：
2016-12-20 19:39:08 main [running]-[DEBUG] 启动 ： 
第1天:
2,2,2,2,2,2,3,4,5,5,6,6,6,5,5,5,5,9,11,10,11,10,8,4
第2天:
2,2,2,2,2,2,4,5,6,6,7,7,7,6,6,6,6,11,13,12,13,12,10,5
第3天:
2,2,2,2,2,2,5,6,7,7,8,8,8,7,7,7,7,13,16,14,16,14,12,6
第4天:
2,2,2,2,2,2,6,7,8,8,10,10,10,8,8,8,8,16,19,17,19,17,14,7
第5天:
2,2,2,2,2,2,7,8,10,10,12,12,12,10,10,10,10,19,23,20,23,20,17,8
第6天:
2,2,2,2,2,2,8,10,12,12,14,14,14,12,12,12,12,23,28,24,28,24,20,10
第7天:
2,2,2,2,2,2,10,12,14,14,17,17,17,14,14,14,14,28,34,29,34,29,24,12
第8天:
2,2,2,2,2,2,12,14,17,17,20,20,20,17,17,17,17,34,41,35,41,35,29,14
第9天:
2,2,2,2,2,2,14,17,20,20,24,24,24,20,20,20,20,41,49,42,49,42,35,17
第10天:
2,2,2,2,2,2,17,20,24,24,29,29,29,24,24,24,24,49,59,50,59,50,42,20
第11天:
2,2,2,2,2,2,20,24,29,29,35,35,35,29,29,29,29,59,71,60,71,60,50,24
第12天:
2,2,2,2,2,2,24,29,35,35,42,42,42,35,35,35,35,71,85,72,85,72,60,29
第13天:
2,2,2,2,2,2,29,35,42,42,50,50,50,42,42,42,42,85,102,86,102,86,72,35
第14天:
2,2,2,2,2,2,35,42,50,50,60,60,60,50,50,50,50,102,122,103,122,103,86,42

2016-12-20 19:39:13 Timer-0 [running]-[DEBUG] 运行 数量：： 10
2016-12-20 19:39:13 Timer-0 [running]-[DEBUG] 查询到数量 ：： 10
2016-12-20 19:39:13 Timer-0 [running]-[DEBUG] 任务提交结束。。。
2016-12-20 19:39:13 pool-1-thread-1 [running]-[DEBUG] 任务开始    ：：：：：：：
2016-12-20 19:39:37 main [running]-[DEBUG] 启动 ： 
第1天:
2,2,2,2,2,2,3,4,5,5,6,6,6,5,5,5,5,9,11,10,11,10,8,4
第2天:
2,2,2,2,2,2,4,5,6,6,7,7,7,6,6,6,6,11,13,12,13,12,10,5
第3天:
2,2,2,2,2,2,5,6,7,7,8,8,8,7,7,7,7,13,16,14,16,14,12,6
第4天:
2,2,2,2,2,2,6,7,8,8,10,10,10,8,8,8,8,16,19,17,19,17,14,7
第5天:
2,2,2,2,2,2,7,8,10,10,12,12,12,10,10,10,10,19,23,20,23,20,17,8
第6天:
2,2,2,2,2,2,8,10,12,12,14,14,14,12,12,12,12,23,28,24,28,24,20,10
第7天:
2,2,2,2,2,2,10,12,14,14,17,17,17,14,14,14,14,28,34,29,34,29,24,12
第8天:
2,2,2,2,2,2,12,14,17,17,20,20,20,17,17,17,17,34,41,35,41,35,29,14
第9天:
2,2,2,2,2,2,14,17,20,20,24,24,24,20,20,20,20,41,49,42,49,42,35,17
第10天:
2,2,2,2,2,2,17,20,24,24,29,29,29,24,24,24,24,49,59,50,59,50,42,20
第11天:
2,2,2,2,2,2,20,24,29,29,35,35,35,29,29,29,29,59,71,60,71,60,50,24
第12天:
2,2,2,2,2,2,24,29,35,35,42,42,42,35,35,35,35,71,85,72,85,72,60,29
第13天:
2,2,2,2,2,2,29,35,42,42,50,50,50,42,42,42,42,85,102,86,102,86,72,35
第14天:
2,2,2,2,2,2,35,42,50,50,60,60,60,50,50,50,50,102,122,103,122,103,86,42

2016-12-20 19:39:42 Timer-0 [running]-[DEBUG] 运行 数量：： 10
2016-12-20 19:39:43 Timer-0 [running]-[DEBUG] 查询到数量 ：： 10
2016-12-20 19:39:43 Timer-0 [running]-[DEBUG] 任务提交结束。。。
2016-12-20 19:39:43 pool-1-thread-1 [running]-[DEBUG] 任务开始    ：：：：：：：
2016-12-20 19:40:10 pool-1-thread-1 [running]-[DEBUG] 任务结束    ：：：：：：：
2016-12-20 19:40:12 Timer-0 [running]-[DEBUG] 运行 数量：： 10
2016-12-20 19:40:13 Timer-0 [running]-[DEBUG] 查询到数量 ：： 10
2016-12-20 19:40:13 Timer-0 [running]-[DEBUG] 任务提交结束。。。
2016-12-20 19:40:13 pool-1-thread-1 [running]-[DEBUG] 任务开始    ：：：：：：：
2016-12-20 19:54:55 main [running]-[DEBUG] 启动 ： 
第1天:
2,2,2,2,2,2,3,4,5,5,6,6,6,5,5,5,5,9,11,10,11,10,8,4
第2天:
2,2,2,2,2,2,4,5,6,6,7,7,7,6,6,6,6,11,13,12,13,12,10,5
第3天:
2,2,2,2,2,2,5,6,7,7,8,8,8,7,7,7,7,13,16,14,16,14,12,6
第4天:
2,2,2,2,2,2,6,7,8,8,10,10,10,8,8,8,8,16,19,17,19,17,14,7
第5天:
2,2,2,2,2,2,7,8,10,10,12,12,12,10,10,10,10,19,23,20,23,20,17,8
第6天:
2,2,2,2,2,2,8,10,12,12,14,14,14,12,12,12,12,23,28,24,28,24,20,10
第7天:
2,2,2,2,2,2,10,12,14,14,17,17,17,14,14,14,14,28,34,29,34,29,24,12
第8天:
2,2,2,2,2,2,12,14,17,17,20,20,20,17,17,17,17,34,41,35,41,35,29,14
第9天:
2,2,2,2,2,2,14,17,20,20,24,24,24,20,20,20,20,41,49,42,49,42,35,17
第10天:
2,2,2,2,2,2,17,20,24,24,29,29,29,24,24,24,24,49,59,50,59,50,42,20
第11天:
2,2,2,2,2,2,20,24,29,29,35,35,35,29,29,29,29,59,71,60,71,60,50,24
第12天:
2,2,2,2,2,2,24,29,35,35,42,42,42,35,35,35,35,71,85,72,85,72,60,29
第13天:
2,2,2,2,2,2,29,35,42,42,50,50,50,42,42,42,42,85,102,86,102,86,72,35
第14天:
2,2,2,2,2,2,35,42,50,50,60,60,60,50,50,50,50,102,122,103,122,103,86,42

2016-12-20 19:55:00 Timer-0 [running]-[DEBUG] 运行 数量：： 10
2016-12-20 19:55:00 Timer-0 [running]-[DEBUG] 查询到数量 ：： 10
2016-12-20 19:55:00 Timer-0 [running]-[DEBUG] 任务提交结束。。。
2016-12-20 19:55:00 pool-1-thread-1 [running]-[DEBUG] 任务开始    ：：：：：：：
2016-12-20 19:55:50 main [running]-[DEBUG] 启动 ： 
第1天:
2,2,2,2,2,2,3,4,5,5,6,6,6,5,5,5,5,9,11,10,11,10,8,4
第2天:
2,2,2,2,2,2,4,5,6,6,7,7,7,6,6,6,6,11,13,12,13,12,10,5
第3天:
2,2,2,2,2,2,5,6,7,7,8,8,8,7,7,7,7,13,16,14,16,14,12,6
第4天:
2,2,2,2,2,2,6,7,8,8,10,10,10,8,8,8,8,16,19,17,19,17,14,7
第5天:
2,2,2,2,2,2,7,8,10,10,12,12,12,10,10,10,10,19,23,20,23,20,17,8
第6天:
2,2,2,2,2,2,8,10,12,12,14,14,14,12,12,12,12,23,28,24,28,24,20,10
第7天:
2,2,2,2,2,2,10,12,14,14,17,17,17,14,14,14,14,28,34,29,34,29,24,12
第8天:
2,2,2,2,2,2,12,14,17,17,20,20,20,17,17,17,17,34,41,35,41,35,29,14
第9天:
2,2,2,2,2,2,14,17,20,20,24,24,24,20,20,20,20,41,49,42,49,42,35,17
第10天:
2,2,2,2,2,2,17,20,24,24,29,29,29,24,24,24,24,49,59,50,59,50,42,20
第11天:
2,2,2,2,2,2,20,24,29,29,35,35,35,29,29,29,29,59,71,60,71,60,50,24
第12天:
2,2,2,2,2,2,24,29,35,35,42,42,42,35,35,35,35,71,85,72,85,72,60,29
第13天:
2,2,2,2,2,2,29,35,42,42,50,50,50,42,42,42,42,85,102,86,102,86,72,35
第14天:
2,2,2,2,2,2,35,42,50,50,60,60,60,50,50,50,50,102,122,103,122,103,86,42

2016-12-20 19:55:55 Timer-0 [running]-[DEBUG] 运行 数量：： 10
2016-12-20 19:55:55 Timer-0 [running]-[DEBUG] 查询到数量 ：： 10
2016-12-20 19:55:55 Timer-0 [running]-[DEBUG] 任务提交结束。。。
2016-12-20 19:55:55 pool-1-thread-1 [running]-[DEBUG] 任务开始    ：：：：：：：
2016-12-20 19:57:08 main [running]-[DEBUG] 启动 ： 
第1天:
2,2,2,2,2,2,3,4,5,5,6,6,6,5,5,5,5,9,11,10,11,10,8,4
第2天:
2,2,2,2,2,2,4,5,6,6,7,7,7,6,6,6,6,11,13,12,13,12,10,5
第3天:
2,2,2,2,2,2,5,6,7,7,8,8,8,7,7,7,7,13,16,14,16,14,12,6
第4天:
2,2,2,2,2,2,6,7,8,8,10,10,10,8,8,8,8,16,19,17,19,17,14,7
第5天:
2,2,2,2,2,2,7,8,10,10,12,12,12,10,10,10,10,19,23,20,23,20,17,8
第6天:
2,2,2,2,2,2,8,10,12,12,14,14,14,12,12,12,12,23,28,24,28,24,20,10
第7天:
2,2,2,2,2,2,10,12,14,14,17,17,17,14,14,14,14,28,34,29,34,29,24,12
第8天:
2,2,2,2,2,2,12,14,17,17,20,20,20,17,17,17,17,34,41,35,41,35,29,14
第9天:
2,2,2,2,2,2,14,17,20,20,24,24,24,20,20,20,20,41,49,42,49,42,35,17
第10天:
2,2,2,2,2,2,17,20,24,24,29,29,29,24,24,24,24,49,59,50,59,50,42,20
第11天:
2,2,2,2,2,2,20,24,29,29,35,35,35,29,29,29,29,59,71,60,71,60,50,24
第12天:
2,2,2,2,2,2,24,29,35,35,42,42,42,35,35,35,35,71,85,72,85,72,60,29
第13天:
2,2,2,2,2,2,29,35,42,42,50,50,50,42,42,42,42,85,102,86,102,86,72,35
第14天:
2,2,2,2,2,2,35,42,50,50,60,60,60,50,50,50,50,102,122,103,122,103,86,42

2016-12-20 19:57:13 Timer-0 [running]-[DEBUG] 运行 数量：： 10
2016-12-20 19:57:14 Timer-0 [running]-[DEBUG] 查询到数量 ：： 10
2016-12-20 19:57:14 Timer-0 [running]-[DEBUG] 任务提交结束。。。
2016-12-20 19:57:14 pool-1-thread-1 [running]-[DEBUG] 任务开始    ：：：：：：：
2016-12-20 19:58:26 main [running]-[DEBUG] 启动 ： 
第1天:
2,2,2,2,2,2,3,4,5,5,6,6,6,5,5,5,5,9,11,10,11,10,8,4
第2天:
2,2,2,2,2,2,4,5,6,6,7,7,7,6,6,6,6,11,13,12,13,12,10,5
第3天:
2,2,2,2,2,2,5,6,7,7,8,8,8,7,7,7,7,13,16,14,16,14,12,6
第4天:
2,2,2,2,2,2,6,7,8,8,10,10,10,8,8,8,8,16,19,17,19,17,14,7
第5天:
2,2,2,2,2,2,7,8,10,10,12,12,12,10,10,10,10,19,23,20,23,20,17,8
第6天:
2,2,2,2,2,2,8,10,12,12,14,14,14,12,12,12,12,23,28,24,28,24,20,10
第7天:
2,2,2,2,2,2,10,12,14,14,17,17,17,14,14,14,14,28,34,29,34,29,24,12
第8天:
2,2,2,2,2,2,12,14,17,17,20,20,20,17,17,17,17,34,41,35,41,35,29,14
第9天:
2,2,2,2,2,2,14,17,20,20,24,24,24,20,20,20,20,41,49,42,49,42,35,17
第10天:
2,2,2,2,2,2,17,20,24,24,29,29,29,24,24,24,24,49,59,50,59,50,42,20
第11天:
2,2,2,2,2,2,20,24,29,29,35,35,35,29,29,29,29,59,71,60,71,60,50,24
第12天:
2,2,2,2,2,2,24,29,35,35,42,42,42,35,35,35,35,71,85,72,85,72,60,29
第13天:
2,2,2,2,2,2,29,35,42,42,50,50,50,42,42,42,42,85,102,86,102,86,72,35
第14天:
2,2,2,2,2,2,35,42,50,50,60,60,60,50,50,50,50,102,122,103,122,103,86,42

2016-12-20 19:58:31 Timer-0 [running]-[DEBUG] 运行 数量：： 10
2016-12-20 19:58:31 Timer-0 [running]-[DEBUG] 查询到数量 ：： 10
2016-12-20 19:58:31 Timer-0 [running]-[DEBUG] 任务提交结束。。。
2016-12-20 19:58:31 pool-1-thread-1 [running]-[DEBUG] 任务开始    ：：：：：：：
2016-12-21 14:30:37 main [running]-[DEBUG] 启动 ： 
第1天:
2,2,2,2,2,2,3,4,5,5,6,6,6,5,5,5,5,9,11,10,11,10,8,4
第2天:
2,2,2,2,2,2,4,5,6,6,7,7,7,6,6,6,6,11,13,12,13,12,10,5
第3天:
2,2,2,2,2,2,5,6,7,7,8,8,8,7,7,7,7,13,16,14,16,14,12,6
第4天:
2,2,2,2,2,2,6,7,8,8,10,10,10,8,8,8,8,16,19,17,19,17,14,7
第5天:
2,2,2,2,2,2,7,8,10,10,12,12,12,10,10,10,10,19,23,20,23,20,17,8
第6天:
2,2,2,2,2,2,8,10,12,12,14,14,14,12,12,12,12,23,28,24,28,24,20,10
第7天:
2,2,2,2,2,2,10,12,14,14,17,17,17,14,14,14,14,28,34,29,34,29,24,12
第8天:
2,2,2,2,2,2,12,14,17,17,20,20,20,17,17,17,17,34,41,35,41,35,29,14
第9天:
2,2,2,2,2,2,14,17,20,20,24,24,24,20,20,20,20,41,49,42,49,42,35,17
第10天:
2,2,2,2,2,2,17,20,24,24,29,29,29,24,24,24,24,49,59,50,59,50,42,20
第11天:
2,2,2,2,2,2,20,24,29,29,35,35,35,29,29,29,29,59,71,60,71,60,50,24
第12天:
2,2,2,2,2,2,24,29,35,35,42,42,42,35,35,35,35,71,85,72,85,72,60,29
第13天:
2,2,2,2,2,2,29,35,42,42,50,50,50,42,42,42,42,85,102,86,102,86,72,35
第14天:
2,2,2,2,2,2,35,42,50,50,60,60,60,50,50,50,50,102,122,103,122,103,86,42

2016-12-21 14:30:42 Timer-0 [running]-[DEBUG] 运行 数量：： 5
2016-12-21 14:30:43 Timer-0 [running]-[DEBUG] 查询到数量 ：： 5
2016-12-21 14:30:43 Timer-0 [running]-[DEBUG] 任务提交结束。。。
2016-12-21 14:30:43 pool-1-thread-1 [running]-[DEBUG] 任务开始    ：：：：：：：
2016-12-21 14:32:40 main [running]-[DEBUG] 启动 ： 
第1天:
2,2,2,2,2,2,3,4,5,5,6,6,6,5,5,5,5,9,11,10,11,10,8,4
第2天:
2,2,2,2,2,2,4,5,6,6,7,7,7,6,6,6,6,11,13,12,13,12,10,5
第3天:
2,2,2,2,2,2,5,6,7,7,8,8,8,7,7,7,7,13,16,14,16,14,12,6
第4天:
2,2,2,2,2,2,6,7,8,8,10,10,10,8,8,8,8,16,19,17,19,17,14,7
第5天:
2,2,2,2,2,2,7,8,10,10,12,12,12,10,10,10,10,19,23,20,23,20,17,8
第6天:
2,2,2,2,2,2,8,10,12,12,14,14,14,12,12,12,12,23,28,24,28,24,20,10
第7天:
2,2,2,2,2,2,10,12,14,14,17,17,17,14,14,14,14,28,34,29,34,29,24,12
第8天:
2,2,2,2,2,2,12,14,17,17,20,20,20,17,17,17,17,34,41,35,41,35,29,14
第9天:
2,2,2,2,2,2,14,17,20,20,24,24,24,20,20,20,20,41,49,42,49,42,35,17
第10天:
2,2,2,2,2,2,17,20,24,24,29,29,29,24,24,24,24,49,59,50,59,50,42,20
第11天:
2,2,2,2,2,2,20,24,29,29,35,35,35,29,29,29,29,59,71,60,71,60,50,24
第12天:
2,2,2,2,2,2,24,29,35,35,42,42,42,35,35,35,35,71,85,72,85,72,60,29
第13天:
2,2,2,2,2,2,29,35,42,42,50,50,50,42,42,42,42,85,102,86,102,86,72,35
第14天:
2,2,2,2,2,2,35,42,50,50,60,60,60,50,50,50,50,102,122,103,122,103,86,42

2016-12-21 14:32:45 Timer-0 [running]-[DEBUG] 运行 数量：： 5
2016-12-21 14:32:45 Timer-0 [running]-[DEBUG] 查询到数量 ：： 5
2016-12-21 14:32:45 Timer-0 [running]-[DEBUG] 任务提交结束。。。
2016-12-21 14:32:45 pool-1-thread-1 [running]-[DEBUG] 任务开始    ：：：：：：：
2016-12-21 14:33:20 main [running]-[DEBUG] 启动 ： 
第1天:
2,2,2,2,2,2,3,4,5,5,6,6,6,5,5,5,5,9,11,10,11,10,8,4
第2天:
2,2,2,2,2,2,4,5,6,6,7,7,7,6,6,6,6,11,13,12,13,12,10,5
第3天:
2,2,2,2,2,2,5,6,7,7,8,8,8,7,7,7,7,13,16,14,16,14,12,6
第4天:
2,2,2,2,2,2,6,7,8,8,10,10,10,8,8,8,8,16,19,17,19,17,14,7
第5天:
2,2,2,2,2,2,7,8,10,10,12,12,12,10,10,10,10,19,23,20,23,20,17,8
第6天:
2,2,2,2,2,2,8,10,12,12,14,14,14,12,12,12,12,23,28,24,28,24,20,10
第7天:
2,2,2,2,2,2,10,12,14,14,17,17,17,14,14,14,14,28,34,29,34,29,24,12
第8天:
2,2,2,2,2,2,12,14,17,17,20,20,20,17,17,17,17,34,41,35,41,35,29,14
第9天:
2,2,2,2,2,2,14,17,20,20,24,24,24,20,20,20,20,41,49,42,49,42,35,17
第10天:
2,2,2,2,2,2,17,20,24,24,29,29,29,24,24,24,24,49,59,50,59,50,42,20
第11天:
2,2,2,2,2,2,20,24,29,29,35,35,35,29,29,29,29,59,71,60,71,60,50,24
第12天:
2,2,2,2,2,2,24,29,35,35,42,42,42,35,35,35,35,71,85,72,85,72,60,29
第13天:
2,2,2,2,2,2,29,35,42,42,50,50,50,42,42,42,42,85,102,86,102,86,72,35
第14天:
2,2,2,2,2,2,35,42,50,50,60,60,60,50,50,50,50,102,122,103,122,103,86,42

2016-12-21 14:33:25 Timer-0 [running]-[DEBUG] 运行 数量：： 5
2016-12-21 14:33:25 Timer-0 [running]-[DEBUG] 查询到数量 ：： 5
2016-12-21 14:33:25 Timer-0 [running]-[DEBUG] 任务提交结束。。。
2016-12-21 14:33:25 pool-1-thread-1 [running]-[DEBUG] 任务开始    ：：：：：：：
2016-12-21 14:33:41 pool-1-thread-1 [running]-[DEBUG] 任务结束    ：：：：：：：
2016-12-21 14:33:55 Timer-0 [running]-[DEBUG] 运行 数量：： 5
2016-12-21 14:33:55 Timer-0 [running]-[DEBUG] 查询到数量 ：： 5
2016-12-21 14:33:55 Timer-0 [running]-[DEBUG] 任务提交结束。。。
2016-12-21 14:33:55 pool-1-thread-1 [running]-[DEBUG] 任务开始    ：：：：：：：
2016-12-21 14:34:09 pool-1-thread-1 [running]-[DEBUG] 任务结束    ：：：：：：：
2016-12-21 14:42:10 main [running]-[DEBUG] 启动 ： 
第1天:
2,2,2,2,2,2,3,4,5,5,6,6,6,5,5,5,5,9,11,10,11,10,8,4
第2天:
2,2,2,2,2,2,4,5,6,6,7,7,7,6,6,6,6,11,13,12,13,12,10,5
第3天:
2,2,2,2,2,2,5,6,7,7,8,8,8,7,7,7,7,13,16,14,16,14,12,6
第4天:
2,2,2,2,2,2,6,7,8,8,10,10,10,8,8,8,8,16,19,17,19,17,14,7
第5天:
2,2,2,2,2,2,7,8,10,10,12,12,12,10,10,10,10,19,23,20,23,20,17,8
第6天:
2,2,2,2,2,2,8,10,12,12,14,14,14,12,12,12,12,23,28,24,28,24,20,10
第7天:
2,2,2,2,2,2,10,12,14,14,17,17,17,14,14,14,14,28,34,29,34,29,24,12
第8天:
2,2,2,2,2,2,12,14,17,17,20,20,20,17,17,17,17,34,41,35,41,35,29,14
第9天:
2,2,2,2,2,2,14,17,20,20,24,24,24,20,20,20,20,41,49,42,49,42,35,17
第10天:
2,2,2,2,2,2,17,20,24,24,29,29,29,24,24,24,24,49,59,50,59,50,42,20
第11天:
2,2,2,2,2,2,20,24,29,29,35,35,35,29,29,29,29,59,71,60,71,60,50,24
第12天:
2,2,2,2,2,2,24,29,35,35,42,42,42,35,35,35,35,71,85,72,85,72,60,29
第13天:
2,2,2,2,2,2,29,35,42,42,50,50,50,42,42,42,42,85,102,86,102,86,72,35
第14天:
2,2,2,2,2,2,35,42,50,50,60,60,60,50,50,50,50,102,122,103,122,103,86,42

2016-12-21 14:42:15 Timer-0 [running]-[DEBUG] 运行 数量：： 5
2016-12-21 14:42:15 Timer-0 [running]-[DEBUG] 查询到数量 ：： 5
2016-12-21 14:42:15 Timer-0 [running]-[DEBUG] 任务提交结束。。。
2016-12-21 14:42:15 pool-1-thread-1 [running]-[DEBUG] 任务开始    ：：：：：：：
2016-12-21 14:42:19 pool-1-thread-1 [running]-[DEBUG] 任务结束    ：：：：：：：
2016-12-21 14:42:45 Timer-0 [running]-[DEBUG] 运行 数量：： 5
2016-12-21 14:42:45 Timer-0 [running]-[DEBUG] 查询到数量 ：： 5
2016-12-21 14:42:45 Timer-0 [running]-[DEBUG] 任务提交结束。。。
2016-12-21 14:42:45 pool-1-thread-1 [running]-[DEBUG] 任务开始    ：：：：：：：
2016-12-21 14:44:07 main [running]-[DEBUG] 启动 ： 
第1天:
2,2,2,2,2,2,3,4,5,5,6,6,6,5,5,5,5,9,11,10,11,10,8,4
第2天:
2,2,2,2,2,2,4,5,6,6,7,7,7,6,6,6,6,11,13,12,13,12,10,5
第3天:
2,2,2,2,2,2,5,6,7,7,8,8,8,7,7,7,7,13,16,14,16,14,12,6
第4天:
2,2,2,2,2,2,6,7,8,8,10,10,10,8,8,8,8,16,19,17,19,17,14,7
第5天:
2,2,2,2,2,2,7,8,10,10,12,12,12,10,10,10,10,19,23,20,23,20,17,8
第6天:
2,2,2,2,2,2,8,10,12,12,14,14,14,12,12,12,12,23,28,24,28,24,20,10
第7天:
2,2,2,2,2,2,10,12,14,14,17,17,17,14,14,14,14,28,34,29,34,29,24,12
第8天:
2,2,2,2,2,2,12,14,17,17,20,20,20,17,17,17,17,34,41,35,41,35,29,14
第9天:
2,2,2,2,2,2,14,17,20,20,24,24,24,20,20,20,20,41,49,42,49,42,35,17
第10天:
2,2,2,2,2,2,17,20,24,24,29,29,29,24,24,24,24,49,59,50,59,50,42,20
第11天:
2,2,2,2,2,2,20,24,29,29,35,35,35,29,29,29,29,59,71,60,71,60,50,24
第12天:
2,2,2,2,2,2,24,29,35,35,42,42,42,35,35,35,35,71,85,72,85,72,60,29
第13天:
2,2,2,2,2,2,29,35,42,42,50,50,50,42,42,42,42,85,102,86,102,86,72,35
第14天:
2,2,2,2,2,2,35,42,50,50,60,60,60,50,50,50,50,102,122,103,122,103,86,42

2016-12-21 14:44:12 Timer-0 [running]-[DEBUG] 运行 数量：： 5
2016-12-21 14:44:12 Timer-0 [running]-[DEBUG] 查询到数量 ：： 5
2016-12-21 14:44:12 Timer-0 [running]-[DEBUG] 任务提交结束。。。
2016-12-21 14:44:12 pool-1-thread-1 [running]-[DEBUG] 任务开始    ：：：：：：：
2016-12-21 14:44:39 pool-1-thread-1 [running]-[DEBUG] 任务结束    ：：：：：：：
2016-12-21 14:44:42 Timer-0 [running]-[DEBUG] 运行 数量：： 5
2016-12-21 14:44:42 Timer-0 [running]-[DEBUG] 查询到数量 ：： 5
2016-12-21 14:44:42 Timer-0 [running]-[DEBUG] 任务提交结束。。。
2016-12-21 14:44:42 pool-1-thread-1 [running]-[DEBUG] 任务开始    ：：：：：：：
2016-12-21 14:46:39 main [running]-[DEBUG] 启动 ： 
第1天:
2,2,2,2,2,2,3,4,5,5,6,6,6,5,5,5,5,9,11,10,11,10,8,4
第2天:
2,2,2,2,2,2,4,5,6,6,7,7,7,6,6,6,6,11,13,12,13,12,10,5
第3天:
2,2,2,2,2,2,5,6,7,7,8,8,8,7,7,7,7,13,16,14,16,14,12,6
第4天:
2,2,2,2,2,2,6,7,8,8,10,10,10,8,8,8,8,16,19,17,19,17,14,7
第5天:
2,2,2,2,2,2,7,8,10,10,12,12,12,10,10,10,10,19,23,20,23,20,17,8
第6天:
2,2,2,2,2,2,8,10,12,12,14,14,14,12,12,12,12,23,28,24,28,24,20,10
第7天:
2,2,2,2,2,2,10,12,14,14,17,17,17,14,14,14,14,28,34,29,34,29,24,12
第8天:
2,2,2,2,2,2,12,14,17,17,20,20,20,17,17,17,17,34,41,35,41,35,29,14
第9天:
2,2,2,2,2,2,14,17,20,20,24,24,24,20,20,20,20,41,49,42,49,42,35,17
第10天:
2,2,2,2,2,2,17,20,24,24,29,29,29,24,24,24,24,49,59,50,59,50,42,20
第11天:
2,2,2,2,2,2,20,24,29,29,35,35,35,29,29,29,29,59,71,60,71,60,50,24
第12天:
2,2,2,2,2,2,24,29,35,35,42,42,42,35,35,35,35,71,85,72,85,72,60,29
第13天:
2,2,2,2,2,2,29,35,42,42,50,50,50,42,42,42,42,85,102,86,102,86,72,35
第14天:
2,2,2,2,2,2,35,42,50,50,60,60,60,50,50,50,50,102,122,103,122,103,86,42

2016-12-21 14:46:44 Timer-0 [running]-[DEBUG] 运行 数量：： 5
2016-12-21 14:46:44 Timer-0 [running]-[DEBUG] 查询到数量 ：： 5
2016-12-21 14:46:44 Timer-0 [running]-[DEBUG] 任务提交结束。。。
2016-12-21 14:46:44 pool-1-thread-1 [running]-[DEBUG] 任务开始    ：：：：：：：
2016-12-21 14:47:01 pool-1-thread-1 [running]-[DEBUG] 任务结束    ：：：：：：：
2016-12-21 14:47:14 Timer-0 [running]-[DEBUG] 运行 数量：： 5
2016-12-21 14:47:14 Timer-0 [running]-[DEBUG] 查询到数量 ：： 5
2016-12-21 14:47:14 Timer-0 [running]-[DEBUG] 任务提交结束。。。
2016-12-21 14:47:14 pool-1-thread-1 [running]-[DEBUG] 任务开始    ：：：：：：：
2016-12-21 15:09:50 main [running]-[DEBUG] 启动 ： 
第1天:
2,2,2,2,2,2,3,4,5,5,6,6,6,5,5,5,5,9,11,10,11,10,8,4
第2天:
2,2,2,2,2,2,4,5,6,6,7,7,7,6,6,6,6,11,13,12,13,12,10,5
第3天:
2,2,2,2,2,2,5,6,7,7,8,8,8,7,7,7,7,13,16,14,16,14,12,6
第4天:
2,2,2,2,2,2,6,7,8,8,10,10,10,8,8,8,8,16,19,17,19,17,14,7
第5天:
2,2,2,2,2,2,7,8,10,10,12,12,12,10,10,10,10,19,23,20,23,20,17,8
第6天:
2,2,2,2,2,2,8,10,12,12,14,14,14,12,12,12,12,23,28,24,28,24,20,10
第7天:
2,2,2,2,2,2,10,12,14,14,17,17,17,14,14,14,14,28,34,29,34,29,24,12
第8天:
2,2,2,2,2,2,12,14,17,17,20,20,20,17,17,17,17,34,41,35,41,35,29,14
第9天:
2,2,2,2,2,2,14,17,20,20,24,24,24,20,20,20,20,41,49,42,49,42,35,17
第10天:
2,2,2,2,2,2,17,20,24,24,29,29,29,24,24,24,24,49,59,50,59,50,42,20
第11天:
2,2,2,2,2,2,20,24,29,29,35,35,35,29,29,29,29,59,71,60,71,60,50,24
第12天:
2,2,2,2,2,2,24,29,35,35,42,42,42,35,35,35,35,71,85,72,85,72,60,29
第13天:
2,2,2,2,2,2,29,35,42,42,50,50,50,42,42,42,42,85,102,86,102,86,72,35
第14天:
2,2,2,2,2,2,35,42,50,50,60,60,60,50,50,50,50,102,122,103,122,103,86,42

2016-12-21 15:09:55 Timer-0 [running]-[DEBUG] 运行 数量：： 5
2016-12-21 15:09:55 Timer-0 [running]-[DEBUG] 查询到数量 ：： 5
2016-12-21 15:09:55 Timer-0 [running]-[DEBUG] 任务提交结束。。。
2016-12-21 15:09:55 pool-1-thread-1 [running]-[DEBUG] 15点:  任务开始执行。
2016-12-21 15:11:09 main [running]-[DEBUG] 启动 ： 
第1天:
2,2,2,2,2,2,3,4,5,5,6,6,6,5,5,5,5,9,11,10,11,10,8,4
第2天:
2,2,2,2,2,2,4,5,6,6,7,7,7,6,6,6,6,11,13,12,13,12,10,5
第3天:
2,2,2,2,2,2,5,6,7,7,8,8,8,7,7,7,7,13,16,14,16,14,12,6
第4天:
2,2,2,2,2,2,6,7,8,8,10,10,10,8,8,8,8,16,19,17,19,17,14,7
第5天:
2,2,2,2,2,2,7,8,10,10,12,12,12,10,10,10,10,19,23,20,23,20,17,8
第6天:
2,2,2,2,2,2,8,10,12,12,14,14,14,12,12,12,12,23,28,24,28,24,20,10
第7天:
2,2,2,2,2,2,10,12,14,14,17,17,17,14,14,14,14,28,34,29,34,29,24,12
第8天:
2,2,2,2,2,2,12,14,17,17,20,20,20,17,17,17,17,34,41,35,41,35,29,14
第9天:
2,2,2,2,2,2,14,17,20,20,24,24,24,20,20,20,20,41,49,42,49,42,35,17
第10天:
2,2,2,2,2,2,17,20,24,24,29,29,29,24,24,24,24,49,59,50,59,50,42,20
第11天:
2,2,2,2,2,2,20,24,29,29,35,35,35,29,29,29,29,59,71,60,71,60,50,24
第12天:
2,2,2,2,2,2,24,29,35,35,42,42,42,35,35,35,35,71,85,72,85,72,60,29
第13天:
2,2,2,2,2,2,29,35,42,42,50,50,50,42,42,42,42,85,102,86,102,86,72,35
第14天:
2,2,2,2,2,2,35,42,50,50,60,60,60,50,50,50,50,102,122,103,122,103,86,42

2016-12-21 15:11:14 Timer-0 [running]-[DEBUG] 运行 数量：： 5
2016-12-21 15:11:15 Timer-0 [running]-[DEBUG] 查询到数量 ：： 5
2016-12-21 15:11:15 Timer-0 [running]-[DEBUG] 任务提交结束。。。
2016-12-21 15:11:15 pool-1-thread-1 [running]-[DEBUG] 15点:  任务开始执行。
2016-12-21 15:11:21 pool-1-thread-1 [running]-[DEBUG] 代理重置成功   remote_ip = ---
2016-12-21 15:11:53 main [running]-[DEBUG] 启动 ： 
第1天:
2,2,2,2,2,2,3,4,5,5,6,6,6,5,5,5,5,9,11,10,11,10,8,4
第2天:
2,2,2,2,2,2,4,5,6,6,7,7,7,6,6,6,6,11,13,12,13,12,10,5
第3天:
2,2,2,2,2,2,5,6,7,7,8,8,8,7,7,7,7,13,16,14,16,14,12,6
第4天:
2,2,2,2,2,2,6,7,8,8,10,10,10,8,8,8,8,16,19,17,19,17,14,7
第5天:
2,2,2,2,2,2,7,8,10,10,12,12,12,10,10,10,10,19,23,20,23,20,17,8
第6天:
2,2,2,2,2,2,8,10,12,12,14,14,14,12,12,12,12,23,28,24,28,24,20,10
第7天:
2,2,2,2,2,2,10,12,14,14,17,17,17,14,14,14,14,28,34,29,34,29,24,12
第8天:
2,2,2,2,2,2,12,14,17,17,20,20,20,17,17,17,17,34,41,35,41,35,29,14
第9天:
2,2,2,2,2,2,14,17,20,20,24,24,24,20,20,20,20,41,49,42,49,42,35,17
第10天:
2,2,2,2,2,2,17,20,24,24,29,29,29,24,24,24,24,49,59,50,59,50,42,20
第11天:
2,2,2,2,2,2,20,24,29,29,35,35,35,29,29,29,29,59,71,60,71,60,50,24
第12天:
2,2,2,2,2,2,24,29,35,35,42,42,42,35,35,35,35,71,85,72,85,72,60,29
第13天:
2,2,2,2,2,2,29,35,42,42,50,50,50,42,42,42,42,85,102,86,102,86,72,35
第14天:
2,2,2,2,2,2,35,42,50,50,60,60,60,50,50,50,50,102,122,103,122,103,86,42

2016-12-21 15:11:58 Timer-0 [running]-[DEBUG] 运行 数量：： 5
2016-12-21 15:11:59 Timer-0 [running]-[DEBUG] 查询到数量 ：： 5
2016-12-21 15:11:59 Timer-0 [running]-[DEBUG] 任务提交结束。。。
2016-12-21 15:11:59 pool-1-thread-1 [running]-[DEBUG] 15点:  任务开始执行。
2016-12-21 15:12:05 pool-1-thread-1 [running]-[DEBUG] 代理重置成功   remote_ip = ---
2016-12-21 15:12:11 pool-1-thread-1 [running]-[DEBUG] 代理重置成功   remote_ip = ---
2016-12-21 15:12:17 pool-1-thread-1 [running]-[DEBUG] 代理重置成功   remote_ip = ---
2016-12-21 15:12:23 pool-1-thread-1 [running]-[DEBUG] 代理重置成功   remote_ip = ---
2016-12-21 15:12:28 Timer-0 [running]-[DEBUG] 运行 数量：： 5
2016-12-21 15:12:29 Timer-0 [running]-[DEBUG] 查询到数量 ：： 5
2016-12-21 15:12:29 Timer-0 [running]-[DEBUG] 任务提交结束。。。
2016-12-21 15:12:29 pool-1-thread-2 [running]-[DEBUG] 15点:  任务开始执行。
2016-12-21 15:12:29 pool-1-thread-1 [running]-[DEBUG] 代理重置成功   remote_ip = ---
2016-12-21 15:12:34 pool-1-thread-2 [running]-[DEBUG] 代理重置成功   remote_ip = ---
2016-12-21 15:12:35 pool-1-thread-1 [running]-[DEBUG] 代理重置成功   remote_ip = ---
2016-12-21 15:12:40 pool-1-thread-2 [running]-[DEBUG] 代理重置成功   remote_ip = ---
2016-12-21 15:12:41 pool-1-thread-1 [running]-[DEBUG] 代理重置成功   remote_ip = ---
2016-12-21 15:12:46 pool-1-thread-2 [running]-[DEBUG] 代理重置成功   remote_ip = ---
2016-12-21 15:12:47 pool-1-thread-1 [running]-[DEBUG] 代理重置成功   remote_ip = ---
2016-12-21 15:12:52 pool-1-thread-2 [running]-[DEBUG] 代理重置成功   remote_ip = ---
2016-12-21 15:12:53 pool-1-thread-1 [running]-[DEBUG] 代理重置成功   remote_ip = ---
2016-12-21 15:12:58 pool-1-thread-2 [running]-[DEBUG] 代理重置成功   remote_ip = ---
2016-12-21 15:12:58 Timer-0 [running]-[DEBUG] 运行 数量：： 5
2016-12-21 15:12:58 Timer-0 [running]-[DEBUG] 查询到数量 ：： 5
2016-12-21 15:12:58 Timer-0 [running]-[DEBUG] 任务提交结束。。。
2016-12-21 15:12:58 pool-1-thread-3 [running]-[DEBUG] 15点:  任务开始执行。
2016-12-21 15:12:59 pool-1-thread-1 [running]-[DEBUG] 代理重置成功   remote_ip = ---
2016-12-21 15:13:04 pool-1-thread-3 [running]-[DEBUG] 代理重置成功   remote_ip = ---
2016-12-21 15:13:04 pool-1-thread-2 [running]-[DEBUG] 代理重置成功   remote_ip = ---
2016-12-21 15:13:05 pool-1-thread-1 [running]-[DEBUG] 代理重置成功   remote_ip = ---
2016-12-21 15:29:48 main [running]-[DEBUG] 启动 ： 
第1天:
2,2,2,2,2,2,3,4,5,5,6,6,6,5,5,5,5,9,11,10,11,10,8,4
第2天:
2,2,2,2,2,2,4,5,6,6,7,7,7,6,6,6,6,11,13,12,13,12,10,5
第3天:
2,2,2,2,2,2,5,6,7,7,8,8,8,7,7,7,7,13,16,14,16,14,12,6
第4天:
2,2,2,2,2,2,6,7,8,8,10,10,10,8,8,8,8,16,19,17,19,17,14,7
第5天:
2,2,2,2,2,2,7,8,10,10,12,12,12,10,10,10,10,19,23,20,23,20,17,8
第6天:
2,2,2,2,2,2,8,10,12,12,14,14,14,12,12,12,12,23,28,24,28,24,20,10
第7天:
2,2,2,2,2,2,10,12,14,14,17,17,17,14,14,14,14,28,34,29,34,29,24,12
第8天:
2,2,2,2,2,2,12,14,17,17,20,20,20,17,17,17,17,34,41,35,41,35,29,14
第9天:
2,2,2,2,2,2,14,17,20,20,24,24,24,20,20,20,20,41,49,42,49,42,35,17
第10天:
2,2,2,2,2,2,17,20,24,24,29,29,29,24,24,24,24,49,59,50,59,50,42,20
第11天:
2,2,2,2,2,2,20,24,29,29,35,35,35,29,29,29,29,59,71,60,71,60,50,24
第12天:
2,2,2,2,2,2,24,29,35,35,42,42,42,35,35,35,35,71,85,72,85,72,60,29
第13天:
2,2,2,2,2,2,29,35,42,42,50,50,50,42,42,42,42,85,102,86,102,86,72,35
第14天:
2,2,2,2,2,2,35,42,50,50,60,60,60,50,50,50,50,102,122,103,122,103,86,42

2016-12-21 15:29:53 Timer-0 [running]-[DEBUG] 运行 数量：： 5
2016-12-21 15:29:53 Timer-0 [running]-[DEBUG] 查询到数量 ：： 5
2016-12-21 15:29:53 Timer-0 [running]-[DEBUG] 任务提交结束。。。
2016-12-21 15:29:53 pool-1-thread-1 [running]-[DEBUG] 15点:  任务开始执行。
2016-12-21 15:30:14 pool-1-thread-1 [running]-[DEBUG] 代理重置成功   remote_ip = 61.132.171.48---
2016-12-21 15:30:23 Timer-0 [running]-[DEBUG] 运行 数量：： 5
2016-12-21 15:30:23 Timer-0 [running]-[DEBUG] 查询到数量 ：： 4
2016-12-21 15:30:23 Timer-0 [running]-[DEBUG] 任务提交结束。。。
2016-12-21 15:30:23 pool-1-thread-2 [running]-[DEBUG] 15点:  任务开始执行。
2016-12-21 15:51:09 main [running]-[DEBUG] 启动 ： 
第1天:
2,2,2,2,2,2,3,4,5,5,6,6,6,5,5,5,5,9,11,10,11,10,8,4
第2天:
2,2,2,2,2,2,4,5,6,6,7,7,7,6,6,6,6,11,13,12,13,12,10,5
第3天:
2,2,2,2,2,2,5,6,7,7,8,8,8,7,7,7,7,13,16,14,16,14,12,6
第4天:
2,2,2,2,2,2,6,7,8,8,10,10,10,8,8,8,8,16,19,17,19,17,14,7
第5天:
2,2,2,2,2,2,7,8,10,10,12,12,12,10,10,10,10,19,23,20,23,20,17,8
第6天:
2,2,2,2,2,2,8,10,12,12,14,14,14,12,12,12,12,23,28,24,28,24,20,10
第7天:
2,2,2,2,2,2,10,12,14,14,17,17,17,14,14,14,14,28,34,29,34,29,24,12
第8天:
2,2,2,2,2,2,12,14,17,17,20,20,20,17,17,17,17,34,41,35,41,35,29,14
第9天:
2,2,2,2,2,2,14,17,20,20,24,24,24,20,20,20,20,41,49,42,49,42,35,17
第10天:
2,2,2,2,2,2,17,20,24,24,29,29,29,24,24,24,24,49,59,50,59,50,42,20
第11天:
2,2,2,2,2,2,20,24,29,29,35,35,35,29,29,29,29,59,71,60,71,60,50,24
第12天:
2,2,2,2,2,2,24,29,35,35,42,42,42,35,35,35,35,71,85,72,85,72,60,29
第13天:
2,2,2,2,2,2,29,35,42,42,50,50,50,42,42,42,42,85,102,86,102,86,72,35
第14天:
2,2,2,2,2,2,35,42,50,50,60,60,60,50,50,50,50,102,122,103,122,103,86,42

2016-12-21 15:51:14 Timer-0 [running]-[DEBUG] 运行 数量：： 5
2016-12-21 15:51:14 Timer-0 [running]-[DEBUG] 查询到数量 ：： 5
2016-12-21 15:51:14 Timer-0 [running]-[DEBUG] 任务提交结束。。。
2016-12-21 15:51:14 pool-1-thread-1 [running]-[DEBUG] 15点:  任务开始执行。
2016-12-21 15:51:35 pool-1-thread-1 [running]-[DEBUG] 代理重置成功   remote_ip = 113.243.105.83---
2016-12-21 15:51:44 Timer-0 [running]-[DEBUG] 运行 数量：： 5
2016-12-21 15:51:45 Timer-0 [running]-[DEBUG] 查询到数量 ：： 4
2016-12-21 15:51:45 Timer-0 [running]-[DEBUG] 任务提交结束。。。
2016-12-21 15:51:45 pool-1-thread-2 [running]-[DEBUG] 15点:  任务开始执行。
2016-12-21 15:52:48 main [running]-[DEBUG] 启动 ： 
第1天:
2,2,2,2,2,2,3,4,5,5,6,6,6,5,5,5,5,9,11,10,11,10,8,4
第2天:
2,2,2,2,2,2,4,5,6,6,7,7,7,6,6,6,6,11,13,12,13,12,10,5
第3天:
2,2,2,2,2,2,5,6,7,7,8,8,8,7,7,7,7,13,16,14,16,14,12,6
第4天:
2,2,2,2,2,2,6,7,8,8,10,10,10,8,8,8,8,16,19,17,19,17,14,7
第5天:
2,2,2,2,2,2,7,8,10,10,12,12,12,10,10,10,10,19,23,20,23,20,17,8
第6天:
2,2,2,2,2,2,8,10,12,12,14,14,14,12,12,12,12,23,28,24,28,24,20,10
第7天:
2,2,2,2,2,2,10,12,14,14,17,17,17,14,14,14,14,28,34,29,34,29,24,12
第8天:
2,2,2,2,2,2,12,14,17,17,20,20,20,17,17,17,17,34,41,35,41,35,29,14
第9天:
2,2,2,2,2,2,14,17,20,20,24,24,24,20,20,20,20,41,49,42,49,42,35,17
第10天:
2,2,2,2,2,2,17,20,24,24,29,29,29,24,24,24,24,49,59,50,59,50,42,20
第11天:
2,2,2,2,2,2,20,24,29,29,35,35,35,29,29,29,29,59,71,60,71,60,50,24
第12天:
2,2,2,2,2,2,24,29,35,35,42,42,42,35,35,35,35,71,85,72,85,72,60,29
第13天:
2,2,2,2,2,2,29,35,42,42,50,50,50,42,42,42,42,85,102,86,102,86,72,35
第14天:
2,2,2,2,2,2,35,42,50,50,60,60,60,50,50,50,50,102,122,103,122,103,86,42

2016-12-21 15:52:53 Timer-0 [running]-[DEBUG] 运行 数量：： 5
2016-12-21 15:52:54 Timer-0 [running]-[DEBUG] 查询到数量 ：： 5
2016-12-21 15:52:54 Timer-0 [running]-[DEBUG] 任务提交结束。。。
2016-12-21 15:52:54 pool-1-thread-1 [running]-[DEBUG] 15点:  任务开始执行。
2016-12-21 15:53:18 pool-1-thread-1 [running]-[DEBUG] 代理重置成功   remote_ip = ---
2016-12-21 15:53:23 Timer-0 [running]-[DEBUG] 运行 数量：： 5
2016-12-21 15:53:24 Timer-0 [running]-[DEBUG] 查询到数量 ：： 5
2016-12-21 15:53:24 Timer-0 [running]-[DEBUG] 任务提交结束。。。
2016-12-21 15:53:24 pool-1-thread-2 [running]-[DEBUG] 15点:  任务开始执行。
2016-12-21 15:54:58 main [running]-[DEBUG] 启动 ： 
第1天:
2,2,2,2,2,2,3,4,5,5,6,6,6,5,5,5,5,9,11,10,11,10,8,4
第2天:
2,2,2,2,2,2,4,5,6,6,7,7,7,6,6,6,6,11,13,12,13,12,10,5
第3天:
2,2,2,2,2,2,5,6,7,7,8,8,8,7,7,7,7,13,16,14,16,14,12,6
第4天:
2,2,2,2,2,2,6,7,8,8,10,10,10,8,8,8,8,16,19,17,19,17,14,7
第5天:
2,2,2,2,2,2,7,8,10,10,12,12,12,10,10,10,10,19,23,20,23,20,17,8
第6天:
2,2,2,2,2,2,8,10,12,12,14,14,14,12,12,12,12,23,28,24,28,24,20,10
第7天:
2,2,2,2,2,2,10,12,14,14,17,17,17,14,14,14,14,28,34,29,34,29,24,12
第8天:
2,2,2,2,2,2,12,14,17,17,20,20,20,17,17,17,17,34,41,35,41,35,29,14
第9天:
2,2,2,2,2,2,14,17,20,20,24,24,24,20,20,20,20,41,49,42,49,42,35,17
第10天:
2,2,2,2,2,2,17,20,24,24,29,29,29,24,24,24,24,49,59,50,59,50,42,20
第11天:
2,2,2,2,2,2,20,24,29,29,35,35,35,29,29,29,29,59,71,60,71,60,50,24
第12天:
2,2,2,2,2,2,24,29,35,35,42,42,42,35,35,35,35,71,85,72,85,72,60,29
第13天:
2,2,2,2,2,2,29,35,42,42,50,50,50,42,42,42,42,85,102,86,102,86,72,35
第14天:
2,2,2,2,2,2,35,42,50,50,60,60,60,50,50,50,50,102,122,103,122,103,86,42

2016-12-21 15:55:03 Timer-0 [running]-[DEBUG] 运行 数量：： 5
2016-12-21 15:55:03 Timer-0 [running]-[DEBUG] 查询到数量 ：： 5
2016-12-21 15:55:03 Timer-0 [running]-[DEBUG] 任务提交结束。。。
2016-12-21 15:55:03 pool-1-thread-1 [running]-[DEBUG] 15点:  任务开始执行。
2016-12-21 15:55:25 pool-1-thread-1 [running]-[DEBUG] 代理重置成功   remote_ip = vpn connect failed!---
2016-12-21 15:55:46 pool-1-thread-1 [running]-[DEBUG] 代理重置成功   remote_ip = 58.47.32.51---
2016-12-21 15:56:17 pool-1-thread-1 [running]-[DEBUG] 代理重置成功   remote_ip = vpn connect failed!---
2016-12-21 15:56:38 pool-1-thread-1 [running]-[DEBUG] 代理重置成功   remote_ip = 140.250.125.185---
2016-12-21 15:57:08 pool-1-thread-1 [running]-[DEBUG] 代理重置成功   remote_ip = 121.61.88.23---
2016-12-21 15:57:36 pool-1-thread-1 [running]-[DEBUG] 代理重置成功   remote_ip = 111.178.157.164---
2016-12-21 15:58:07 pool-1-thread-1 [running]-[DEBUG] 代理重置成功   remote_ip = 182.38.47.10---
2016-12-21 15:58:14 pool-1-thread-1 [running]-[DEBUG] imei : 860076036684446 , 刷单失败，已放弃!
2016-12-21 15:58:14 pool-1-thread-1 [running]-[DEBUG] 15点:  所有任务执行完毕。 耗时： 190979
2016-12-21 16:14:03 main [running]-[DEBUG] 启动 ： 
第1天:
2,2,2,2,2,2,3,4,5,5,6,6,6,5,5,5,5,9,11,10,11,10,8,4
第2天:
2,2,2,2,2,2,4,5,6,6,7,7,7,6,6,6,6,11,13,12,13,12,10,5
第3天:
2,2,2,2,2,2,5,6,7,7,8,8,8,7,7,7,7,13,16,14,16,14,12,6
第4天:
2,2,2,2,2,2,6,7,8,8,10,10,10,8,8,8,8,16,19,17,19,17,14,7
第5天:
2,2,2,2,2,2,7,8,10,10,12,12,12,10,10,10,10,19,23,20,23,20,17,8
第6天:
2,2,2,2,2,2,8,10,12,12,14,14,14,12,12,12,12,23,28,24,28,24,20,10
第7天:
2,2,2,2,2,2,10,12,14,14,17,17,17,14,14,14,14,28,34,29,34,29,24,12
第8天:
2,2,2,2,2,2,12,14,17,17,20,20,20,17,17,17,17,34,41,35,41,35,29,14
第9天:
2,2,2,2,2,2,14,17,20,20,24,24,24,20,20,20,20,41,49,42,49,42,35,17
第10天:
2,2,2,2,2,2,17,20,24,24,29,29,29,24,24,24,24,49,59,50,59,50,42,20
第11天:
2,2,2,2,2,2,20,24,29,29,35,35,35,29,29,29,29,59,71,60,71,60,50,24
第12天:
2,2,2,2,2,2,24,29,35,35,42,42,42,35,35,35,35,71,85,72,85,72,60,29
第13天:
2,2,2,2,2,2,29,35,42,42,50,50,50,42,42,42,42,85,102,86,102,86,72,35
第14天:
2,2,2,2,2,2,35,42,50,50,60,60,60,50,50,50,50,102,122,103,122,103,86,42

2016-12-21 16:14:08 Timer-0 [running]-[DEBUG] 运行 数量：： 5
2016-12-21 16:14:08 Timer-0 [running]-[DEBUG] 查询到数量 ：： 5
2016-12-21 16:14:08 Timer-0 [running]-[DEBUG] 任务提交结束。。。
2016-12-21 16:14:08 pool-1-thread-1 [running]-[DEBUG] 16点:  任务开始执行。
2016-12-21 16:14:30 pool-1-thread-1 [running]-[DEBUG] 代理重置成功   remote_ip = 113.123.3.102---
2016-12-21 16:15:01 pool-1-thread-1 [running]-[DEBUG] 代理重置成功   remote_ip = 113.121.240.105---
2016-12-21 16:15:30 pool-1-thread-1 [running]-[DEBUG] 代理重置成功   remote_ip = 140.250.89.150---
2016-12-21 16:17:27 main [running]-[DEBUG] 启动 ： 
第1天:
2,2,2,2,2,2,3,4,5,5,6,6,6,5,5,5,5,9,11,10,11,10,8,4
第2天:
2,2,2,2,2,2,4,5,6,6,7,7,7,6,6,6,6,11,13,12,13,12,10,5
第3天:
2,2,2,2,2,2,5,6,7,7,8,8,8,7,7,7,7,13,16,14,16,14,12,6
第4天:
2,2,2,2,2,2,6,7,8,8,10,10,10,8,8,8,8,16,19,17,19,17,14,7
第5天:
2,2,2,2,2,2,7,8,10,10,12,12,12,10,10,10,10,19,23,20,23,20,17,8
第6天:
2,2,2,2,2,2,8,10,12,12,14,14,14,12,12,12,12,23,28,24,28,24,20,10
第7天:
2,2,2,2,2,2,10,12,14,14,17,17,17,14,14,14,14,28,34,29,34,29,24,12
第8天:
2,2,2,2,2,2,12,14,17,17,20,20,20,17,17,17,17,34,41,35,41,35,29,14
第9天:
2,2,2,2,2,2,14,17,20,20,24,24,24,20,20,20,20,41,49,42,49,42,35,17
第10天:
2,2,2,2,2,2,17,20,24,24,29,29,29,24,24,24,24,49,59,50,59,50,42,20
第11天:
2,2,2,2,2,2,20,24,29,29,35,35,35,29,29,29,29,59,71,60,71,60,50,24
第12天:
2,2,2,2,2,2,24,29,35,35,42,42,42,35,35,35,35,71,85,72,85,72,60,29
第13天:
2,2,2,2,2,2,29,35,42,42,50,50,50,42,42,42,42,85,102,86,102,86,72,35
第14天:
2,2,2,2,2,2,35,42,50,50,60,60,60,50,50,50,50,102,122,103,122,103,86,42

2016-12-21 16:17:32 Timer-0 [running]-[DEBUG] 运行 数量：： 5
2016-12-21 16:17:32 Timer-0 [running]-[DEBUG] 查询到数量 ：： 5
2016-12-21 16:17:32 Timer-0 [running]-[DEBUG] 任务提交结束。。。
2016-12-21 16:17:32 pool-1-thread-1 [running]-[DEBUG] 16点:  任务开始执行。
2016-12-21 16:17:54 pool-1-thread-1 [running]-[DEBUG] 代理重置成功   remote_ip = 111.170.81.160---
2016-12-21 16:18:26 pool-1-thread-1 [running]-[DEBUG] 代理重置成功   remote_ip = 223.241.119.239---
2016-12-21 16:18:57 pool-1-thread-1 [running]-[DEBUG] 代理重置成功   remote_ip = 144.0.83.19---
2016-12-21 16:19:42 main [running]-[DEBUG] 启动 ： 
第1天:
2,2,2,2,2,2,3,4,5,5,6,6,6,5,5,5,5,9,11,10,11,10,8,4
第2天:
2,2,2,2,2,2,4,5,6,6,7,7,7,6,6,6,6,11,13,12,13,12,10,5
第3天:
2,2,2,2,2,2,5,6,7,7,8,8,8,7,7,7,7,13,16,14,16,14,12,6
第4天:
2,2,2,2,2,2,6,7,8,8,10,10,10,8,8,8,8,16,19,17,19,17,14,7
第5天:
2,2,2,2,2,2,7,8,10,10,12,12,12,10,10,10,10,19,23,20,23,20,17,8
第6天:
2,2,2,2,2,2,8,10,12,12,14,14,14,12,12,12,12,23,28,24,28,24,20,10
第7天:
2,2,2,2,2,2,10,12,14,14,17,17,17,14,14,14,14,28,34,29,34,29,24,12
第8天:
2,2,2,2,2,2,12,14,17,17,20,20,20,17,17,17,17,34,41,35,41,35,29,14
第9天:
2,2,2,2,2,2,14,17,20,20,24,24,24,20,20,20,20,41,49,42,49,42,35,17
第10天:
2,2,2,2,2,2,17,20,24,24,29,29,29,24,24,24,24,49,59,50,59,50,42,20
第11天:
2,2,2,2,2,2,20,24,29,29,35,35,35,29,29,29,29,59,71,60,71,60,50,24
第12天:
2,2,2,2,2,2,24,29,35,35,42,42,42,35,35,35,35,71,85,72,85,72,60,29
第13天:
2,2,2,2,2,2,29,35,42,42,50,50,50,42,42,42,42,85,102,86,102,86,72,35
第14天:
2,2,2,2,2,2,35,42,50,50,60,60,60,50,50,50,50,102,122,103,122,103,86,42

2016-12-21 16:19:47 Timer-0 [running]-[DEBUG] 运行 数量：： 5
2016-12-21 16:19:47 Timer-0 [running]-[DEBUG] 查询到数量 ：： 5
2016-12-21 16:19:47 Timer-0 [running]-[DEBUG] 任务提交结束。。。
2016-12-21 16:19:47 pool-1-thread-1 [running]-[DEBUG] 16点:  任务开始执行。
2016-12-21 16:20:08 pool-1-thread-1 [running]-[DEBUG] 代理重置成功   remote_ip = 222.77.161.252---
2016-12-21 16:21:05 main [running]-[DEBUG] 启动 ： 
第1天:
2,2,2,2,2,2,3,4,5,5,6,6,6,5,5,5,5,9,11,10,11,10,8,4
第2天:
2,2,2,2,2,2,4,5,6,6,7,7,7,6,6,6,6,11,13,12,13,12,10,5
第3天:
2,2,2,2,2,2,5,6,7,7,8,8,8,7,7,7,7,13,16,14,16,14,12,6
第4天:
2,2,2,2,2,2,6,7,8,8,10,10,10,8,8,8,8,16,19,17,19,17,14,7
第5天:
2,2,2,2,2,2,7,8,10,10,12,12,12,10,10,10,10,19,23,20,23,20,17,8
第6天:
2,2,2,2,2,2,8,10,12,12,14,14,14,12,12,12,12,23,28,24,28,24,20,10
第7天:
2,2,2,2,2,2,10,12,14,14,17,17,17,14,14,14,14,28,34,29,34,29,24,12
第8天:
2,2,2,2,2,2,12,14,17,17,20,20,20,17,17,17,17,34,41,35,41,35,29,14
第9天:
2,2,2,2,2,2,14,17,20,20,24,24,24,20,20,20,20,41,49,42,49,42,35,17
第10天:
2,2,2,2,2,2,17,20,24,24,29,29,29,24,24,24,24,49,59,50,59,50,42,20
第11天:
2,2,2,2,2,2,20,24,29,29,35,35,35,29,29,29,29,59,71,60,71,60,50,24
第12天:
2,2,2,2,2,2,24,29,35,35,42,42,42,35,35,35,35,71,85,72,85,72,60,29
第13天:
2,2,2,2,2,2,29,35,42,42,50,50,50,42,42,42,42,85,102,86,102,86,72,35
第14天:
2,2,2,2,2,2,35,42,50,50,60,60,60,50,50,50,50,102,122,103,122,103,86,42

2016-12-21 16:21:10 Timer-0 [running]-[DEBUG] 运行 数量：： 5
2016-12-21 16:21:10 Timer-0 [running]-[DEBUG] 查询到数量 ：： 5
2016-12-21 16:21:10 Timer-0 [running]-[DEBUG] 任务提交结束。。。
2016-12-21 16:21:10 pool-1-thread-1 [running]-[DEBUG] 16点:  任务开始执行。
2016-12-21 16:21:11 pool-1-thread-1 [running]-[DEBUG] imei : 860076036678232 , 刷单開始!
2016-12-21 16:21:31 pool-1-thread-1 [running]-[DEBUG] 代理重置成功   remote_ip = 1.192.102.254---
2016-12-21 16:21:39 pool-1-thread-1 [running]-[DEBUG] 16点:  任务启动失败  ||-_- !
2016-12-21 16:21:39 pool-1-thread-1 [running]-[DEBUG] 16点:  所有任务执行完毕。 耗时： 29206
2016-12-21 16:22:54 main [running]-[DEBUG] 启动 ： 
第1天:
2,2,2,2,2,2,3,4,5,5,6,6,6,5,5,5,5,9,11,10,11,10,8,4
第2天:
2,2,2,2,2,2,4,5,6,6,7,7,7,6,6,6,6,11,13,12,13,12,10,5
第3天:
2,2,2,2,2,2,5,6,7,7,8,8,8,7,7,7,7,13,16,14,16,14,12,6
第4天:
2,2,2,2,2,2,6,7,8,8,10,10,10,8,8,8,8,16,19,17,19,17,14,7
第5天:
2,2,2,2,2,2,7,8,10,10,12,12,12,10,10,10,10,19,23,20,23,20,17,8
第6天:
2,2,2,2,2,2,8,10,12,12,14,14,14,12,12,12,12,23,28,24,28,24,20,10
第7天:
2,2,2,2,2,2,10,12,14,14,17,17,17,14,14,14,14,28,34,29,34,29,24,12
第8天:
2,2,2,2,2,2,12,14,17,17,20,20,20,17,17,17,17,34,41,35,41,35,29,14
第9天:
2,2,2,2,2,2,14,17,20,20,24,24,24,20,20,20,20,41,49,42,49,42,35,17
第10天:
2,2,2,2,2,2,17,20,24,24,29,29,29,24,24,24,24,49,59,50,59,50,42,20
第11天:
2,2,2,2,2,2,20,24,29,29,35,35,35,29,29,29,29,59,71,60,71,60,50,24
第12天:
2,2,2,2,2,2,24,29,35,35,42,42,42,35,35,35,35,71,85,72,85,72,60,29
第13天:
2,2,2,2,2,2,29,35,42,42,50,50,50,42,42,42,42,85,102,86,102,86,72,35
第14天:
2,2,2,2,2,2,35,42,50,50,60,60,60,50,50,50,50,102,122,103,122,103,86,42

2016-12-21 16:22:59 Timer-0 [running]-[DEBUG] 运行 数量：： 5
2016-12-21 16:22:59 Timer-0 [running]-[DEBUG] 查询到数量 ：： 5
2016-12-21 16:22:59 Timer-0 [running]-[DEBUG] 任务提交结束。。。
2016-12-21 16:22:59 pool-1-thread-1 [running]-[DEBUG] 16点:  任务开始执行。
2016-12-21 16:23:00 pool-1-thread-1 [running]-[DEBUG] imei : 860076036678232 , 刷单開始!
2016-12-21 16:23:20 pool-1-thread-1 [running]-[DEBUG] 代理重置成功   remote_ip = vpn connect failed!---
2016-12-21 16:23:41 pool-1-thread-1 [running]-[DEBUG] 代理重置成功   remote_ip = 106.5.174.44---
2016-12-21 16:23:50 pool-1-thread-1 [running]-[DEBUG] 16点:  任务启动失败  ||-_- !
2016-12-21 16:23:50 pool-1-thread-1 [running]-[DEBUG] 16点:  所有任务执行完毕。 耗时： 50863
2016-12-21 16:24:17 main [running]-[DEBUG] 启动 ： 
第1天:
2,2,2,2,2,2,3,4,5,5,6,6,6,5,5,5,5,9,11,10,11,10,8,4
第2天:
2,2,2,2,2,2,4,5,6,6,7,7,7,6,6,6,6,11,13,12,13,12,10,5
第3天:
2,2,2,2,2,2,5,6,7,7,8,8,8,7,7,7,7,13,16,14,16,14,12,6
第4天:
2,2,2,2,2,2,6,7,8,8,10,10,10,8,8,8,8,16,19,17,19,17,14,7
第5天:
2,2,2,2,2,2,7,8,10,10,12,12,12,10,10,10,10,19,23,20,23,20,17,8
第6天:
2,2,2,2,2,2,8,10,12,12,14,14,14,12,12,12,12,23,28,24,28,24,20,10
第7天:
2,2,2,2,2,2,10,12,14,14,17,17,17,14,14,14,14,28,34,29,34,29,24,12
第8天:
2,2,2,2,2,2,12,14,17,17,20,20,20,17,17,17,17,34,41,35,41,35,29,14
第9天:
2,2,2,2,2,2,14,17,20,20,24,24,24,20,20,20,20,41,49,42,49,42,35,17
第10天:
2,2,2,2,2,2,17,20,24,24,29,29,29,24,24,24,24,49,59,50,59,50,42,20
第11天:
2,2,2,2,2,2,20,24,29,29,35,35,35,29,29,29,29,59,71,60,71,60,50,24
第12天:
2,2,2,2,2,2,24,29,35,35,42,42,42,35,35,35,35,71,85,72,85,72,60,29
第13天:
2,2,2,2,2,2,29,35,42,42,50,50,50,42,42,42,42,85,102,86,102,86,72,35
第14天:
2,2,2,2,2,2,35,42,50,50,60,60,60,50,50,50,50,102,122,103,122,103,86,42

2016-12-21 16:24:22 Timer-0 [running]-[DEBUG] 运行 数量：： 5
2016-12-21 16:24:23 Timer-0 [running]-[DEBUG] 查询到数量 ：： 5
2016-12-21 16:24:23 Timer-0 [running]-[DEBUG] 任务提交结束。。。
2016-12-21 16:24:23 pool-1-thread-1 [running]-[DEBUG] 16点:  任务开始执行。
2016-12-21 16:24:24 pool-1-thread-1 [running]-[DEBUG] imei : 860076036678232 , 刷单開始!
2016-12-21 16:24:44 pool-1-thread-1 [running]-[DEBUG] 代理重置成功   remote_ip = 113.243.250.43---
2016-12-21 16:24:52 pool-1-thread-1 [running]-[DEBUG] 16点:  任务启动失败  ||-_- !
2016-12-21 16:24:52 pool-1-thread-1 [running]-[DEBUG] 16点:  所有任务执行完毕。 耗时： 29525
2016-12-21 16:25:50 main [running]-[DEBUG] 启动 ： 
第1天:
2,2,2,2,2,2,3,4,5,5,6,6,6,5,5,5,5,9,11,10,11,10,8,4
第2天:
2,2,2,2,2,2,4,5,6,6,7,7,7,6,6,6,6,11,13,12,13,12,10,5
第3天:
2,2,2,2,2,2,5,6,7,7,8,8,8,7,7,7,7,13,16,14,16,14,12,6
第4天:
2,2,2,2,2,2,6,7,8,8,10,10,10,8,8,8,8,16,19,17,19,17,14,7
第5天:
2,2,2,2,2,2,7,8,10,10,12,12,12,10,10,10,10,19,23,20,23,20,17,8
第6天:
2,2,2,2,2,2,8,10,12,12,14,14,14,12,12,12,12,23,28,24,28,24,20,10
第7天:
2,2,2,2,2,2,10,12,14,14,17,17,17,14,14,14,14,28,34,29,34,29,24,12
第8天:
2,2,2,2,2,2,12,14,17,17,20,20,20,17,17,17,17,34,41,35,41,35,29,14
第9天:
2,2,2,2,2,2,14,17,20,20,24,24,24,20,20,20,20,41,49,42,49,42,35,17
第10天:
2,2,2,2,2,2,17,20,24,24,29,29,29,24,24,24,24,49,59,50,59,50,42,20
第11天:
2,2,2,2,2,2,20,24,29,29,35,35,35,29,29,29,29,59,71,60,71,60,50,24
第12天:
2,2,2,2,2,2,24,29,35,35,42,42,42,35,35,35,35,71,85,72,85,72,60,29
第13天:
2,2,2,2,2,2,29,35,42,42,50,50,50,42,42,42,42,85,102,86,102,86,72,35
第14天:
2,2,2,2,2,2,35,42,50,50,60,60,60,50,50,50,50,102,122,103,122,103,86,42

2016-12-21 16:25:55 Timer-0 [running]-[DEBUG] 运行 数量：： 5
2016-12-21 16:25:55 Timer-0 [running]-[DEBUG] 查询到数量 ：： 5
2016-12-21 16:25:55 Timer-0 [running]-[DEBUG] 任务提交结束。。。
2016-12-21 16:25:55 pool-1-thread-1 [running]-[DEBUG] 16点:  任务开始执行。
2016-12-21 16:25:56 pool-1-thread-1 [running]-[DEBUG] imei : 860076036678232 , 刷单開始!
2016-12-21 16:26:17 pool-1-thread-1 [running]-[DEBUG] 代理重置成功   remote_ip = 115.201.204.134---
2016-12-21 16:26:25 pool-1-thread-1 [running]-[DEBUG] imei : 860076036678232 , 刷单成功!
2016-12-21 16:26:27 pool-1-thread-1 [running]-[DEBUG] imei : 860076036678455 , 刷单開始!
2016-12-21 16:26:47 pool-1-thread-1 [running]-[DEBUG] 代理重置成功   remote_ip = 60.172.117.183---
2016-12-21 16:26:54 pool-1-thread-1 [running]-[DEBUG] imei : 860076036678455 , 刷单成功!
2016-12-21 16:26:55 pool-1-thread-1 [running]-[DEBUG] imei : 860076036682804 , 刷单開始!
2016-12-21 16:27:17 pool-1-thread-1 [running]-[DEBUG] 代理重置成功   remote_ip = 117.30.70.184---
2016-12-21 16:27:26 pool-1-thread-1 [running]-[DEBUG] imei : 860076036682804 , 刷单成功!
2016-12-21 16:27:28 pool-1-thread-1 [running]-[DEBUG] imei : 860076036683448 , 刷单開始!
2016-12-21 16:36:31 main [running]-[DEBUG] 启动 ： 
第1天:
2,2,2,2,2,2,3,4,5,5,6,6,6,5,5,5,5,9,11,10,11,10,8,4
第2天:
2,2,2,2,2,2,4,5,6,6,7,7,7,6,6,6,6,11,13,12,13,12,10,5
第3天:
2,2,2,2,2,2,5,6,7,7,8,8,8,7,7,7,7,13,16,14,16,14,12,6
第4天:
2,2,2,2,2,2,6,7,8,8,10,10,10,8,8,8,8,16,19,17,19,17,14,7
第5天:
2,2,2,2,2,2,7,8,10,10,12,12,12,10,10,10,10,19,23,20,23,20,17,8
第6天:
2,2,2,2,2,2,8,10,12,12,14,14,14,12,12,12,12,23,28,24,28,24,20,10
第7天:
2,2,2,2,2,2,10,12,14,14,17,17,17,14,14,14,14,28,34,29,34,29,24,12
第8天:
2,2,2,2,2,2,12,14,17,17,20,20,20,17,17,17,17,34,41,35,41,35,29,14
第9天:
2,2,2,2,2,2,14,17,20,20,24,24,24,20,20,20,20,41,49,42,49,42,35,17
第10天:
2,2,2,2,2,2,17,20,24,24,29,29,29,24,24,24,24,49,59,50,59,50,42,20
第11天:
2,2,2,2,2,2,20,24,29,29,35,35,35,29,29,29,29,59,71,60,71,60,50,24
第12天:
2,2,2,2,2,2,24,29,35,35,42,42,42,35,35,35,35,71,85,72,85,72,60,29
第13天:
2,2,2,2,2,2,29,35,42,42,50,50,50,42,42,42,42,85,102,86,102,86,72,35
第14天:
2,2,2,2,2,2,35,42,50,50,60,60,60,50,50,50,50,102,122,103,122,103,86,42

2016-12-21 16:36:36 Timer-0 [running]-[DEBUG] 运行 数量：： 5
2016-12-21 16:36:37 Timer-0 [running]-[DEBUG] 查询到数量 ：： 5
2016-12-21 16:36:37 Timer-0 [running]-[DEBUG] 任务提交结束。。。
2016-12-21 16:36:37 pool-1-thread-1 [running]-[DEBUG] 16点:  任务开始执行。
2016-12-21 16:36:38 pool-1-thread-1 [running]-[DEBUG] imei : 860076036683448 , 刷单開始!
2016-12-21 16:36:58 pool-1-thread-1 [running]-[DEBUG] 代理重置成功   remote_ip = 123.96.7.132---
2016-12-21 16:37:07 pool-1-thread-1 [running]-[DEBUG] imei : 860076036683448 , 刷单成功!
2016-12-21 16:37:08 pool-1-thread-1 [running]-[DEBUG] imei : 860076036684446 , 刷单開始!
2017-01-04 10:20:18 main [running]-[DEBUG] 运行 数量：： 100
2017-01-04 10:20:18 main [running]-[DEBUG] 查询到数量 ：： 100
2017-01-04 10:20:18 main [running]-[DEBUG] 任务提交结束。。。
2017-01-04 10:20:18 pool-1-thread-1 [running]-[DEBUG] 10点:  任务开始执行。
2017-01-04 10:20:18 pool-1-thread-1 [running]-[DEBUG] imei : 000000000000000 , 刷单開始!
2017-01-04 10:20:39 pool-1-thread-1 [running]-[DEBUG] 代理重置成功   remote_ip = 121.234.244.220---
2017-01-04 10:20:44 pool-1-thread-1 [running]-[DEBUG] imei : 000000000000000 , 刷单成功!
2017-01-04 10:20:45 pool-1-thread-1 [running]-[DEBUG] imei : 004401720080593 , 刷单開始!
2017-01-04 10:25:19 main [running]-[DEBUG] 运行 数量：： 100
2017-01-04 10:25:20 main [running]-[DEBUG] 查询到数量 ：： 100
2017-01-04 10:25:20 main [running]-[DEBUG] 任务提交结束。。。
2017-01-04 10:25:20 pool-1-thread-1 [running]-[DEBUG] 10点:  任务开始执行。
2017-01-04 10:25:21 pool-1-thread-1 [running]-[DEBUG] imei : 000000000000000 , 刷单開始!
2017-01-04 10:25:41 pool-1-thread-1 [running]-[DEBUG] 代理重置成功   remote_ip = vpn connect failed!---
2017-01-04 10:26:02 pool-1-thread-1 [running]-[DEBUG] 代理重置成功   remote_ip = vpn connect failed!---
2017-01-04 10:26:24 pool-1-thread-1 [running]-[DEBUG] 代理重置成功   remote_ip = vpn connect failed!---
2017-01-04 10:26:45 pool-1-thread-1 [running]-[DEBUG] 代理重置成功   remote_ip = vpn connect failed!---
2017-01-04 10:27:04 main [running]-[DEBUG] 运行 数量：： 100
2017-01-04 10:27:04 main [running]-[DEBUG] 查询到数量 ：： 100
2017-01-04 10:27:04 main [running]-[DEBUG] 任务提交结束。。。
2017-01-04 10:27:04 pool-1-thread-1 [running]-[DEBUG] 10点:  任务开始执行。
2017-01-04 10:27:05 pool-1-thread-1 [running]-[DEBUG] imei : 000000000000000 , 刷单開始!
2017-01-04 10:27:25 pool-1-thread-1 [running]-[DEBUG] 代理重置成功   remote_ip = vpn connect failed!---
2017-01-04 10:55:44 main [running]-[DEBUG] 运行 数量：： 100
2017-01-04 10:55:44 main [running]-[DEBUG] 查询到数量 ：： 100
2017-01-04 10:55:44 main [running]-[DEBUG] 任务提交结束。。。
2017-01-04 10:55:44 pool-1-thread-1 [running]-[DEBUG] 10点:  任务开始执行。
2017-01-04 10:55:45 pool-1-thread-1 [running]-[DEBUG] imei : 000000000000000 , 刷单開始!
2017-01-04 10:56:06 pool-1-thread-1 [running]-[DEBUG] 代理重置成功   remote_ip = 182.107.192.114---
2017-01-04 10:56:11 pool-1-thread-1 [running]-[DEBUG] imei : 000000000000000 , 刷单成功!
2017-01-04 10:56:12 pool-1-thread-1 [running]-[DEBUG] imei : 004401720080593 , 刷单開始!
2017-01-04 10:56:33 pool-1-thread-1 [running]-[DEBUG] 代理重置成功   remote_ip = 113.64.92.17---
2017-01-04 10:56:35 pool-1-thread-1 [running]-[DEBUG] imei : 004401720080593 , 刷单成功!
2017-01-04 10:56:37 pool-1-thread-1 [running]-[DEBUG] imei : 004401720491881 , 刷单開始!
2017-01-04 11:00:26 main [running]-[DEBUG] 运行 数量：： 100
2017-01-04 11:00:26 main [running]-[DEBUG] 查询到数量 ：： 100
2017-01-04 11:00:26 main [running]-[DEBUG] 任务提交结束。。。
2017-01-04 11:00:26 pool-1-thread-1 [running]-[DEBUG] 11点:  任务开始执行。
2017-01-04 11:00:27 pool-1-thread-1 [running]-[DEBUG] imei : 000000000000000 , 刷单開始!
2017-01-04 11:00:47 pool-1-thread-1 [running]-[DEBUG] 代理重置成功   remote_ip = vpn connect failed!---
2017-01-04 11:01:08 pool-1-thread-1 [running]-[DEBUG] 代理重置成功   remote_ip = vpn connect failed!---
2017-01-04 11:01:29 pool-1-thread-1 [running]-[DEBUG] 代理重置成功   remote_ip = vpn connect failed!---
2017-01-04 11:01:51 pool-1-thread-1 [running]-[DEBUG] 代理重置成功   remote_ip = vpn connect failed!---
2017-01-04 11:02:12 pool-1-thread-1 [running]-[DEBUG] 代理重置成功   remote_ip = vpn connect failed!---
2017-01-04 11:02:33 pool-1-thread-1 [running]-[DEBUG] 代理重置成功   remote_ip = vpn connect failed!---
2017-01-04 11:02:54 pool-1-thread-1 [running]-[DEBUG] 代理重置成功   remote_ip = vpn connect failed!---
2017-01-04 11:03:15 pool-1-thread-1 [running]-[DEBUG] 代理重置成功   remote_ip = vpn connect failed!---
2017-01-04 11:03:35 main [running]-[DEBUG] 运行 数量：： 100
2017-01-04 11:03:36 main [running]-[DEBUG] 查询到数量 ：： 100
2017-01-04 11:03:36 main [running]-[DEBUG] 任务提交结束。。。
2017-01-04 11:03:36 pool-1-thread-1 [running]-[DEBUG] 11点:  任务开始执行。
2017-01-04 11:03:36 pool-1-thread-1 [running]-[DEBUG] imei : 000000000000000 , 刷单開始!
2017-01-04 11:03:57 pool-1-thread-1 [running]-[DEBUG] 代理重置成功   remote_ip = vpn connect failed!---
2017-01-04 11:05:43 main [running]-[DEBUG] 运行 数量：： 100
2017-01-04 11:05:43 main [running]-[DEBUG] 查询到数量 ：： 100
2017-01-04 11:05:43 main [running]-[DEBUG] 任务提交结束。。。
2017-01-04 11:05:43 pool-1-thread-1 [running]-[DEBUG] 11点:  任务开始执行。
2017-01-04 11:05:44 pool-1-thread-1 [running]-[DEBUG] imei : 000000000000000 , 刷单開始!
2017-01-04 11:06:04 pool-1-thread-1 [running]-[DEBUG] 代理重置成功   remote_ip = 1.196.141.164---
2017-01-04 11:06:09 pool-1-thread-1 [running]-[DEBUG] imei : 000000000000000 , 刷单成功!
2017-01-04 11:06:10 pool-1-thread-1 [running]-[DEBUG] imei : 004401720080593 , 刷单開始!
2017-01-04 11:06:30 pool-1-thread-1 [running]-[DEBUG] 代理重置成功   remote_ip = 1.198.246.79---
2017-01-04 11:06:33 pool-1-thread-1 [running]-[DEBUG] imei : 004401720080593 , 刷单成功!
2017-01-04 11:06:34 pool-1-thread-1 [running]-[DEBUG] imei : 004401720491881 , 刷单開始!
2017-01-04 11:06:54 pool-1-thread-1 [running]-[DEBUG] 代理重置成功   remote_ip = 61.149.194.220---
2017-01-04 11:06:57 pool-1-thread-1 [running]-[DEBUG] imei : 004401720491881 , 刷单成功!
2017-01-04 11:06:58 pool-1-thread-1 [running]-[DEBUG] imei : 004401720578034 , 刷单開始!
